<<<<<<< HEAD
﻿Build started 10/13/2014 12:00:38 PM.
     1>Project "C:\Programmering\cppFun\Inlämningar\Project1\Project1\Project1.vcxproj" on node 2 (Build target(s)).
=======
﻿Build started 2014-10-13 12:08:49.
     1>Project "C:\cppFun\Inlämningar\Project1\Project1\Project1.vcxproj" on node 2 (Build target(s)).
>>>>>>> 15903113c12a278f4bb0d9fd4f3fb9af57227cfb
     1>ClCompile:
         C:\Program Files (x86)\Microsoft Visual Studio 12.0\VC\bin\CL.exe /c /ZI /nologo /W3 /WX- /sdl /Od /Oy- /D _MBCS /Gm /EHsc /RTC1 /MDd /GS /fp:precise /Zc:wchar_t /Zc:forScope /Fo"Debug\\" /Fd"Debug\vc120.pdb" /Gd /TP /analyze- /errorReport:prompt Main.cpp Rational.cpp
         Rational.cpp
         Main.cpp
<<<<<<< HEAD
     1>c:\programmering\cppfun\inlämningar\project1\project1\rational.h(9): error C2143: syntax error : missing ';' before '<'
     1>c:\programmering\cppfun\inlämningar\project1\project1\rational.h(9): error C2988: unrecognizable template declaration/definition
     1>c:\programmering\cppfun\inlämningar\project1\project1\rational.h(9): error C2059: syntax error : '<'
     1>c:\programmering\cppfun\inlämningar\project1\project1\rational.h(9): error C2039: '<<' : is not a member of '`global namespace''
     1>c:\programmering\cppfun\inlämningar\project1\project1\rational.h(14): error C2039: '>>' : is not a member of '`global namespace''
     1>c:\programmering\cppfun\inlämningar\project1\project1\rational.h(14): error C2143: syntax error : missing ';' before '{'
     1>c:\programmering\cppfun\inlämningar\project1\project1\rational.h(14): error C2447: '{' : missing function header (old-style formal list?)
     1>c:\programmering\cppfun\inlämningar\project1\project1\rational.h(45): error C2143: syntax error : missing ';' before '<'
     1>c:\programmering\cppfun\inlämningar\project1\project1\rational.h(45): error C2988: unrecognizable template declaration/definition
     1>c:\programmering\cppfun\inlämningar\project1\project1\rational.h(45): error C2059: syntax error : '<'
     1>c:\programmering\cppfun\inlämningar\project1\project1\rational.h(51): error C2588: '::~Rational' : illegal global destructor
     1>c:\programmering\cppfun\inlämningar\project1\project1\rational.h(51): fatal error C1903: unable to recover from previous error(s); stopping compilation
     1>Done Building Project "C:\Programmering\cppFun\Inlämningar\Project1\Project1\Project1.vcxproj" (Build target(s)) -- FAILED.
=======
         Generating Code...
       Link:
         C:\Program Files (x86)\Microsoft Visual Studio 12.0\VC\bin\link.exe /ERRORREPORT:PROMPT /OUT:"C:\cppFun\Inlämningar\Project1\Debug\Project1.exe" /INCREMENTAL /NOLOGO kernel32.lib user32.lib gdi32.lib winspool.lib comdlg32.lib advapi32.lib shell32.lib ole32.lib oleaut32.lib uuid.lib odbc32.lib odbccp32.lib /MANIFEST /MANIFESTUAC:"level='asInvoker' uiAccess='false'" /manifest:embed /DEBUG /PDB:"C:\cppFun\Inlämningar\Project1\Debug\Project1.pdb" /TLBID:1 /DYNAMICBASE /NXCOMPAT /IMPLIB:"C:\cppFun\Inlämningar\Project1\Debug\Project1.lib" /MACHINE:X86 Debug\Main.obj
         Debug\Rational.obj
         Project1.vcxproj -> C:\cppFun\Inlämningar\Project1\Debug\Project1.exe
     1>Done Building Project "C:\cppFun\Inlämningar\Project1\Project1\Project1.vcxproj" (Build target(s)).
>>>>>>> 15903113c12a278f4bb0d9fd4f3fb9af57227cfb

Build FAILED.

<<<<<<< HEAD
Time Elapsed 00:00:01.06
=======
Time Elapsed 00:00:00.75
>>>>>>> 15903113c12a278f4bb0d9fd4f3fb9af57227cfb
