Build started 2014-09-11 01:37:07.
     1>Project "C:\cppFun\Inlämningar\DoubleLinkedList\DoubleLinkedList\DoubleLinkedList.vcxproj" on node 2 (Build target(s)).
     1>ClCompile:
         C:\Program Files (x86)\Microsoft Visual Studio 12.0\VC\bin\CL.exe /c /ZI /nologo /W3 /WX- /sdl /Od /Oy- /D _MBCS /Gm /EHsc /RTC1 /MDd /GS /fp:precise /Zc:wchar_t /Zc:forScope /Fo"Debug\\" /Fd"Debug\vc120.pdb" /Gd /TP /analyze- /errorReport:prompt Main.cpp
         Main.cpp
     1>c:\cppfun\inlämningar\doublelinkedlist\doublelinkedlist\list.h(97): error C2065: 'previousNode' : undeclared identifier
                 c:\cppfun\inlämningar\doublelinkedlist\doublelinkedlist\list.h(90) : while compiling class template member function 'Node<T> *List<T>::PopBack(void)'
                 with
                 [
                     T=int
                 ]
                 c:\cppfun\inlämningar\doublelinkedlist\doublelinkedlist\main.cpp(22) : see reference to function template instantiation 'Node<T> *List<T>::PopBack(void)' being compiled
                 with
                 [
                     T=int
                 ]
                 c:\cppfun\inlämningar\doublelinkedlist\doublelinkedlist\main.cpp(11) : see reference to class template instantiation 'List<int>' being compiled
     1>c:\cppfun\inlämningar\doublelinkedlist\doublelinkedlist\list.h(100): error C2065: 'previousNode' : undeclared identifier
     1>c:\cppfun\inlämningar\doublelinkedlist\doublelinkedlist\list.h(100): error C2227: left of '->nextNode' must point to class/struct/union/generic type
                 type is 'unknown-type'
     1>Done Building Project "C:\cppFun\Inlämningar\DoubleLinkedList\DoubleLinkedList\DoubleLinkedList.vcxproj" (Build target(s)) -- FAILED.

Build FAILED.

Time Elapsed 00:00:00.69
