C:\CPPFUN\FIRSTGAME\FIRSTGAME\DEBUG\MAIN.OBJ
C:\CPPFUN\FIRSTGAME\FIRSTGAME\DEBUG\VC110.PDB
C:\CPPFUN\FIRSTGAME\DEBUG\FIRSTGAME.ILK
C:\CPPFUN\FIRSTGAME\DEBUG\FIRSTGAME.EXE
C:\CPPFUN\FIRSTGAME\DEBUG\FIRSTGAME.PDB
C:\cppFun\FirstGame\FirstGame\Debug\main.obj
C:\cppFun\FirstGame\FirstGame\Debug\cl.command.1.tlog
C:\cppFun\FirstGame\FirstGame\Debug\CL.read.1.tlog
C:\cppFun\FirstGame\FirstGame\Debug\CL.write.1.tlog
C:\cppFun\FirstGame\FirstGame\Debug\link-cvtres.read.1.tlog
C:\cppFun\FirstGame\FirstGame\Debug\link-cvtres.write.1.tlog
C:\cppFun\FirstGame\FirstGame\Debug\link-rc.read.1.tlog
C:\cppFun\FirstGame\FirstGame\Debug\link-rc.write.1.tlog
C:\cppFun\FirstGame\FirstGame\Debug\link.2168-cvtres.read.1.tlog
C:\cppFun\FirstGame\FirstGame\Debug\link.2168-cvtres.write.1.tlog
C:\cppFun\FirstGame\FirstGame\Debug\link.2168-rc.read.1.tlog
C:\cppFun\FirstGame\FirstGame\Debug\link.2168-rc.write.1.tlog
C:\cppFun\FirstGame\FirstGame\Debug\link.2168.read.1.tlog
C:\cppFun\FirstGame\FirstGame\Debug\link.2168.write.1.tlog
C:\cppFun\FirstGame\FirstGame\Debug\link.command.1.tlog
C:\cppFun\FirstGame\FirstGame\Debug\link.read.1.tlog
C:\cppFun\FirstGame\FirstGame\Debug\link.write.1.tlog
C:\cppFun\FirstGame\FirstGame\Debug\vc110.idb
C:\cppFun\FirstGame\FirstGame\Debug\vc110.pdb
C:\cppFun\FirstGame\Debug\FirstGame.pdb
C:\cppFun\FirstGame\Debug\FirstGame.exe
C:\cppFun\FirstGame\Debug\FirstGame.ilk
