C:\USERS\MAMMA\DOCUMENTS\VISUAL STUDIO 2012\PROJECTS\PETER\PETER\DEBUG\VC110.PDB
C:\USERS\MAMMA\DOCUMENTS\VISUAL STUDIO 2012\PROJECTS\PETER\PETER\DEBUG\MAIN.OBJ
C:\USERS\MAMMA\DOCUMENTS\VISUAL STUDIO 2012\PROJECTS\PETER\DEBUG\PETER.ILK
C:\USERS\MAMMA\DOCUMENTS\VISUAL STUDIO 2012\PROJECTS\PETER\DEBUG\PETER.EXE
C:\USERS\MAMMA\DOCUMENTS\VISUAL STUDIO 2012\PROJECTS\PETER\DEBUG\PETER.PDB
C:\Users\Mamma\Documents\Visual Studio 2012\Projects\peter\peter\Debug\main.obj
C:\Users\Mamma\Documents\Visual Studio 2012\Projects\peter\peter\Debug\cl.command.1.tlog
C:\Users\Mamma\Documents\Visual Studio 2012\Projects\peter\peter\Debug\CL.read.1.tlog
C:\Users\Mamma\Documents\Visual Studio 2012\Projects\peter\peter\Debug\CL.write.1.tlog
C:\Users\Mamma\Documents\Visual Studio 2012\Projects\peter\peter\Debug\link-cvtres.read.1.tlog
C:\Users\Mamma\Documents\Visual Studio 2012\Projects\peter\peter\Debug\link-cvtres.write.1.tlog
C:\Users\Mamma\Documents\Visual Studio 2012\Projects\peter\peter\Debug\link-rc.read.1.tlog
C:\Users\Mamma\Documents\Visual Studio 2012\Projects\peter\peter\Debug\link-rc.write.1.tlog
C:\Users\Mamma\Documents\Visual Studio 2012\Projects\peter\peter\Debug\link.7372-cvtres.read.1.tlog
C:\Users\Mamma\Documents\Visual Studio 2012\Projects\peter\peter\Debug\link.7372-cvtres.write.1.tlog
C:\Users\Mamma\Documents\Visual Studio 2012\Projects\peter\peter\Debug\link.7372-rc.read.1.tlog
C:\Users\Mamma\Documents\Visual Studio 2012\Projects\peter\peter\Debug\link.7372-rc.write.1.tlog
C:\Users\Mamma\Documents\Visual Studio 2012\Projects\peter\peter\Debug\link.7372.read.1.tlog
C:\Users\Mamma\Documents\Visual Studio 2012\Projects\peter\peter\Debug\link.7372.write.1.tlog
C:\Users\Mamma\Documents\Visual Studio 2012\Projects\peter\peter\Debug\link.command.1.tlog
C:\Users\Mamma\Documents\Visual Studio 2012\Projects\peter\peter\Debug\link.read.1.tlog
C:\Users\Mamma\Documents\Visual Studio 2012\Projects\peter\peter\Debug\link.write.1.tlog
C:\Users\Mamma\Documents\Visual Studio 2012\Projects\peter\peter\Debug\vc110.idb
C:\Users\Mamma\Documents\Visual Studio 2012\Projects\peter\peter\Debug\vc110.pdb
C:\Users\Mamma\Documents\Visual Studio 2012\Projects\peter\Debug\peter.pdb
C:\Users\Mamma\Documents\Visual Studio 2012\Projects\peter\Debug\peter.exe
C:\Users\Mamma\Documents\Visual Studio 2012\Projects\peter\Debug\peter.ilk
