c:\programmering\cppfun\inlämningar\project1\project1\debug\vc120.pdb
c:\programmering\cppfun\inlämningar\project1\project1\debug\vc120.idb
c:\programmering\cppfun\inlämningar\project1\project1\debug\hej.obj
c:\cppfun\inlämningar\project1\project1\debug\vc120.pdb
c:\cppfun\inlämningar\project1\project1\debug\vc120.idb
c:\cppfun\inlämningar\project1\project1\debug\main.obj
c:\programmering\cppfun\inlämningar\project1\project1\debug\project1.ilk
c:\programmering\cppfun\inlämningar\project1\project1\debug\project1.exe
c:\programmering\cppfun\inlämningar\project1\project1\debug\project1.pdb
c:\cppfun\inlämningar\project1\project1\debug\hej.obj
c:\cppfun\inlämningar\project1\project1\debug\rational.obj
c:\cppfun\inlämningar\project1\project1\debug\project1.ilk
c:\cppfun\inlämningar\project1\project1\debug\project1.pdb
c:\cppfun\inlämningar\project1\debug\project1.pdb
c:\cppfun\inlämningar\project1\project1\debug\project1.tlog\cl.command.1.tlog
c:\cppfun\inlämningar\project1\project1\debug\project1.tlog\cl.read.1.tlog
c:\cppfun\inlämningar\project1\project1\debug\project1.tlog\cl.write.1.tlog
c:\cppfun\inlämningar\project1\project1\debug\project1.tlog\link-cvtres.read.1.tlog
c:\cppfun\inlämningar\project1\project1\debug\project1.tlog\link-cvtres.write.1.tlog
c:\cppfun\inlämningar\project1\project1\debug\project1.tlog\link-rc.read.1.tlog
c:\cppfun\inlämningar\project1\project1\debug\project1.tlog\link-rc.write.1.tlog
c:\cppfun\inlämningar\project1\project1\debug\project1.tlog\link.1284-cvtres.read.1.tlog
c:\cppfun\inlämningar\project1\project1\debug\project1.tlog\link.1284-cvtres.write.1.tlog
c:\cppfun\inlämningar\project1\project1\debug\project1.tlog\link.1284-rc.read.1.tlog
c:\cppfun\inlämningar\project1\project1\debug\project1.tlog\link.1284-rc.write.1.tlog
c:\cppfun\inlämningar\project1\project1\debug\project1.tlog\link.1284.read.1.tlog
c:\cppfun\inlämningar\project1\project1\debug\project1.tlog\link.1284.write.1.tlog
c:\cppfun\inlämningar\project1\project1\debug\project1.tlog\link.command.1.tlog
c:\cppfun\inlämningar\project1\project1\debug\project1.tlog\link.read.1.tlog
c:\cppfun\inlämningar\project1\project1\debug\project1.tlog\link.write.1.tlog
