c:\programmering\cppfun\interpreter\interpreter\debug\vc120.pdb
c:\programmering\cppfun\interpreter\interpreter\debug\vc120.idb
c:\programmering\cppfun\interpreter\interpreter\debug\eval.obj
c:\programmering\cppfun\interpreter\interpreter\debug\manager.obj
c:\programmering\cppfun\interpreter\interpreter\debug\parser.obj
c:\programmering\cppfun\interpreter\interpreter\debug\scanner.obj
c:\programmering\cppfun\interpreter\interpreter\debug\let.obj
c:\programmering\cppfun\interpreter\debug\interpreter.pdb
c:\programmering\cppfun\interpreter\interpreter\debug\interpreter.tlog\cl.command.1.tlog
c:\programmering\cppfun\interpreter\interpreter\debug\interpreter.tlog\cl.read.1.tlog
c:\programmering\cppfun\interpreter\interpreter\debug\interpreter.tlog\cl.write.1.tlog
c:\programmering\cppfun\interpreter\interpreter\debug\interpreter.tlog\link.4880-cvtres.read.1.tlog
c:\programmering\cppfun\interpreter\interpreter\debug\interpreter.tlog\link.4880-cvtres.write.1.tlog
c:\programmering\cppfun\interpreter\interpreter\debug\interpreter.tlog\link.4880-rc.read.1.tlog
c:\programmering\cppfun\interpreter\interpreter\debug\interpreter.tlog\link.4880-rc.write.1.tlog
c:\programmering\cppfun\interpreter\interpreter\debug\interpreter.tlog\link.4880.read.1.tlog
c:\programmering\cppfun\interpreter\interpreter\debug\interpreter.tlog\link.4880.write.1.tlog
c:\programmering\cppfun\interpreter\interpreter\debug\interpreter.tlog\link.command.1.tlog
c:\programmering\cppfun\interpreter\interpreter\debug\interpreter.tlog\link.read.1.tlog
c:\programmering\cppfun\interpreter\interpreter\debug\interpreter.tlog\link.write.1.tlog
